[Mon Nov 25 14:48:17 2013] install: bbding
[Mon Nov 25 14:48:18 2013] install: cabin
[Mon Nov 25 14:48:18 2013] install: changepage
[Mon Nov 25 14:48:18 2013] install: cmap
[Mon Nov 25 14:48:19 2013] install: ec
[Mon Nov 25 14:48:19 2013] install: etoolbox
[Mon Nov 25 14:48:19 2013] install: fancybox
[Mon Nov 25 14:48:19 2013] install: fancyvrb
[Mon Nov 25 14:48:19 2013] install: fontaxes
[Mon Nov 25 14:48:20 2013] install: framed
[Mon Nov 25 14:48:20 2013] install: helvetic
[Mon Nov 25 14:48:20 2013] install: inconsolata
[Mon Nov 25 14:48:21 2013] install: l3kernel
[Mon Nov 25 14:48:21 2013] install: l3packages
[Mon Nov 25 14:48:21 2013] install: mdframed
[Mon Nov 25 14:48:21 2013] install: mdwtools
[Mon Nov 25 14:48:21 2013] install: microtype
[Mon Nov 25 14:48:21 2013] install: ms
[Mon Nov 25 14:48:21 2013] install: multirow
[Mon Nov 25 14:48:21 2013] install: mweights
[Mon Nov 25 14:48:22 2013] install: needspace
[Mon Nov 25 14:48:22 2013] install: parskip
[Mon Nov 25 14:48:22 2013] install: pgf
[Mon Nov 25 14:48:22 2013] install: threeparttable
[Mon Nov 25 14:48:22 2013] install: times
[Mon Nov 25 14:48:23 2013] install: titlesec
[Mon Nov 25 14:48:23 2013] install: upquote
[Mon Nov 25 14:48:23 2013] install: url
[Mon Nov 25 14:48:23 2013] install: wrapfig
[Mon Nov 25 14:48:23 2013] install: xcolor
[Mon Nov 25 14:48:23 2013] install: xkeyval
